2025-04-15 23:01:22.173675 - Received CBT.V508.FILE649.PDS from FILE649.XMI 
2025-04-15 23:01:22.175314 - Found $$$#DATE.txt (text/plain) in CBT.V508.FILE649.PDS, moved to PDS/$$$#DATE
2025-04-15 23:01:22.175741 - Found $RECEIVE.jcl (text/plain) in CBT.V508.FILE649.PDS, moved to PDS/$RECEIVE
2025-04-15 23:01:22.175818 - Found @FILE649.txt (text/plain) in CBT.V508.FILE649.PDS, moved to PDS/@FILE649
2025-04-15 23:01:22.178534 - Found COBMVS.xmi (application/xmit) in CBT.V508.FILE649.PDS, moved to PDS/COBMVS.xmi
2025-04-15 23:01:22.246892 - Received CSOFT.PDS2PDS.COBMVS from COBMVS.xmi 
2025-04-15 23:01:22.249469 - Found P2PBTBL.bin (application/octet-stream) in CSOFT.PDS2PDS.COBMVS, moved to COBMVS/P2PBTBL
2025-04-15 23:01:22.251498 - Found READDIR.bin (application/octet-stream) in CSOFT.PDS2PDS.COBMVS, moved to COBMVS/READDIR
2025-04-15 23:01:22.252857 - Found COBOL.xmi (application/xmit) in CBT.V508.FILE649.PDS, moved to PDS/COBOL.xmi
2025-04-15 23:01:22.289930 - Received CSOFT.PDS2PDS.COBOL from COBOL.xmi 
2025-04-15 23:01:22.291185 - Found P2PBTBL.txt (text/plain) in CSOFT.PDS2PDS.COBOL, moved to COBOL/P2PBTBL
2025-04-15 23:01:22.291855 - Found READDIR.txt (text/plain) in CSOFT.PDS2PDS.COBOL, moved to COBOL/READDIR
2025-04-15 23:01:22.295155 - Found COB2.xmi (application/xmit) in CBT.V508.FILE649.PDS, moved to PDS/COB2.xmi
2025-04-15 23:01:22.363615 - Received CSOFT.PDS2PDS.COB2 from COB2.xmi 
2025-04-15 23:01:22.365913 - Found P2PBTBL.bin (application/octet-stream) in CSOFT.PDS2PDS.COB2, moved to COB2/P2PBTBL
2025-04-15 23:01:22.367340 - Found READDIR.bin (application/octet-stream) in CSOFT.PDS2PDS.COB2, moved to COB2/READDIR
2025-04-15 23:01:22.368472 - Found DOCUMENT.txt (text/plain) in CBT.V508.FILE649.PDS, moved to PDS/DOCUMENT
2025-04-15 23:01:22.369729 - Found EXEC.xmi (application/xmit) in CBT.V508.FILE649.PDS, moved to PDS/EXEC.xmi
2025-04-15 23:01:22.623824 - Received CSOFT.PDS2PDS.EXEC from EXEC.xmi 
2025-04-15 23:01:22.625531 - Found PDS2PDS.rexx (text/plain) in CSOFT.PDS2PDS.EXEC, moved to EXEC/PDS2PDS
2025-04-15 23:01:22.626037 - Found P2PCUSTM.rexx (text/plain) in CSOFT.PDS2PDS.EXEC, moved to EXEC/P2PCUSTM
2025-04-15 23:01:22.626284 - Found P2PDSNP.rexx (text/plain) in CSOFT.PDS2PDS.EXEC, moved to EXEC/P2PDSNP
2025-04-15 23:01:22.626482 - Found P2PDSNS.rexx (text/plain) in CSOFT.PDS2PDS.EXEC, moved to EXEC/P2PDSNS
2025-04-15 23:01:22.626674 - Found P2PGALL.rexx (text/plain) in CSOFT.PDS2PDS.EXEC, moved to EXEC/P2PGALL
2025-04-15 23:01:22.626871 - Found P2PGBRW.rexx (text/plain) in CSOFT.PDS2PDS.EXEC, moved to EXEC/P2PGBRW
2025-04-15 23:01:22.627264 - Found P2PGCMP.rexx (text/plain) in CSOFT.PDS2PDS.EXEC, moved to EXEC/P2PGCMP
2025-04-15 23:01:22.627498 - Found P2PGCPY.rexx (text/plain) in CSOFT.PDS2PDS.EXEC, moved to EXEC/P2PGCPY
2025-04-15 23:01:22.627688 - Found P2PGDEL.rexx (text/plain) in CSOFT.PDS2PDS.EXEC, moved to EXEC/P2PGDEL
2025-04-15 23:01:22.627912 - Found P2PGEDT.rexx (text/plain) in CSOFT.PDS2PDS.EXEC, moved to EXEC/P2PGEDT
2025-04-15 23:01:22.628134 - Found P2PGINF.rexx (text/plain) in CSOFT.PDS2PDS.EXEC, moved to EXEC/P2PGINF
2025-04-15 23:01:22.628411 - Found P2PGMOV.rexx (text/plain) in CSOFT.PDS2PDS.EXEC, moved to EXEC/P2PGMOV
2025-04-15 23:01:22.628677 - Found P2PGREN.rexx (text/plain) in CSOFT.PDS2PDS.EXEC, moved to EXEC/P2PGREN
2025-04-15 23:01:22.628885 - Found P2PGSUP.rexx (text/plain) in CSOFT.PDS2PDS.EXEC, moved to EXEC/P2PGSUP
2025-04-15 23:01:22.629092 - Found P2PGTTL.rexx (text/plain) in CSOFT.PDS2PDS.EXEC, moved to EXEC/P2PGTTL
2025-04-15 23:01:22.629260 - Found P2PLALL.rexx (text/plain) in CSOFT.PDS2PDS.EXEC, moved to EXEC/P2PLALL
2025-04-15 23:01:22.629475 - Found P2PLBRW.rexx (text/plain) in CSOFT.PDS2PDS.EXEC, moved to EXEC/P2PLBRW
2025-04-15 23:01:22.629701 - Found P2PLCPY.rexx (text/plain) in CSOFT.PDS2PDS.EXEC, moved to EXEC/P2PLCPY
2025-04-15 23:01:22.629916 - Found P2PLDEL.rexx (text/plain) in CSOFT.PDS2PDS.EXEC, moved to EXEC/P2PLDEL
2025-04-15 23:01:22.630142 - Found P2PLEDT.rexx (text/plain) in CSOFT.PDS2PDS.EXEC, moved to EXEC/P2PLEDT
2025-04-15 23:01:22.630502 - Found P2PLMOV.rexx (text/plain) in CSOFT.PDS2PDS.EXEC, moved to EXEC/P2PLMOV
2025-04-15 23:01:22.630856 - Found P2PLREN.rexx (text/plain) in CSOFT.PDS2PDS.EXEC, moved to EXEC/P2PLREN
2025-04-15 23:01:22.631197 - Found P2PLSUP.rexx (text/plain) in CSOFT.PDS2PDS.EXEC, moved to EXEC/P2PLSUP
2025-04-15 23:01:22.631771 - Found P2PMBRL.rexx (text/plain) in CSOFT.PDS2PDS.EXEC, moved to EXEC/P2PMBRL
2025-04-15 23:01:22.632110 - Found P2PSTLF.rexx (text/plain) in CSOFT.PDS2PDS.EXEC, moved to EXEC/P2PSTLF
2025-04-15 23:01:22.632322 - Found P2PSTRT.rexx (text/plain) in CSOFT.PDS2PDS.EXEC, moved to EXEC/P2PSTRT
2025-04-15 23:01:22.633033 - Found ISPMLIB.xmi (application/xmit) in CBT.V508.FILE649.PDS, moved to PDS/ISPMLIB.xmi
2025-04-15 23:01:22.643787 - Received CSOFT.PDS2PDS.ISPMLIB from ISPMLIB.xmi 
2025-04-15 23:01:22.644443 - Found PTPM00.txt (text/plain) in CSOFT.PDS2PDS.ISPMLIB, moved to ISPMLIB/PTPM00
2025-04-15 23:01:22.645464 - Found ISPPLIB.xmi (application/xmit) in CBT.V508.FILE649.PDS, moved to PDS/ISPPLIB.xmi
2025-04-15 23:01:22.998478 - Received CSOFT.PDS2PDS.ISPPLIB from ISPPLIB.xmi 
2025-04-15 23:01:23.001666 - Found P2PDSNP.txt (text/plain) in CSOFT.PDS2PDS.ISPPLIB, moved to ISPPLIB/P2PDSNP
2025-04-15 23:01:23.002056 - Found P2PGALL.txt (text/plain) in CSOFT.PDS2PDS.ISPPLIB, moved to ISPPLIB/P2PGALL
2025-04-15 23:01:23.002233 - Found P2PGBRW.txt (text/plain) in CSOFT.PDS2PDS.ISPPLIB, moved to ISPPLIB/P2PGBRW
2025-04-15 23:01:23.002388 - Found P2PGCPY.txt (text/plain) in CSOFT.PDS2PDS.ISPPLIB, moved to ISPPLIB/P2PGCPY
2025-04-15 23:01:23.002576 - Found P2PGDEL.txt (text/plain) in CSOFT.PDS2PDS.ISPPLIB, moved to ISPPLIB/P2PGDEL
2025-04-15 23:01:23.002754 - Found P2PGEDT.txt (text/plain) in CSOFT.PDS2PDS.ISPPLIB, moved to ISPPLIB/P2PGEDT
2025-04-15 23:01:23.002940 - Found P2PGINF.txt (text/plain) in CSOFT.PDS2PDS.ISPPLIB, moved to ISPPLIB/P2PGINF
2025-04-15 23:01:23.003095 - Found P2PGMOV.txt (text/plain) in CSOFT.PDS2PDS.ISPPLIB, moved to ISPPLIB/P2PGMOV
2025-04-15 23:01:23.003268 - Found P2PGREN.txt (text/plain) in CSOFT.PDS2PDS.ISPPLIB, moved to ISPPLIB/P2PGREN
2025-04-15 23:01:23.003435 - Found P2PGTTL.txt (text/plain) in CSOFT.PDS2PDS.ISPPLIB, moved to ISPPLIB/P2PGTTL
2025-04-15 23:01:23.003612 - Found P2PLALL.txt (text/plain) in CSOFT.PDS2PDS.ISPPLIB, moved to ISPPLIB/P2PLALL
2025-04-15 23:01:23.003816 - Found P2PLCPY.txt (text/plain) in CSOFT.PDS2PDS.ISPPLIB, moved to ISPPLIB/P2PLCPY
2025-04-15 23:01:23.003998 - Found P2PLDEL.txt (text/plain) in CSOFT.PDS2PDS.ISPPLIB, moved to ISPPLIB/P2PLDEL
2025-04-15 23:01:23.004187 - Found P2PLMOV.txt (text/plain) in CSOFT.PDS2PDS.ISPPLIB, moved to ISPPLIB/P2PLMOV
2025-04-15 23:01:23.004396 - Found P2PLREN.txt (text/plain) in CSOFT.PDS2PDS.ISPPLIB, moved to ISPPLIB/P2PLREN
2025-04-15 23:01:23.004575 - Found P2PMBRL.txt (text/plain) in CSOFT.PDS2PDS.ISPPLIB, moved to ISPPLIB/P2PMBRL
2025-04-15 23:01:23.004769 - Found P2PPMSG.txt (text/plain) in CSOFT.PDS2PDS.ISPPLIB, moved to ISPPLIB/P2PPMSG
2025-04-15 23:01:23.004985 - Found P2P00000.txt (text/plain) in CSOFT.PDS2PDS.ISPPLIB, moved to ISPPLIB/P2P00000
2025-04-15 23:01:23.005323 - Found P2P10000.txt (text/plain) in CSOFT.PDS2PDS.ISPPLIB, moved to ISPPLIB/P2P10000
2025-04-15 23:01:23.005702 - Found P2P11000.txt (text/plain) in CSOFT.PDS2PDS.ISPPLIB, moved to ISPPLIB/P2P11000
2025-04-15 23:01:23.006000 - Found P2P11010.txt (text/plain) in CSOFT.PDS2PDS.ISPPLIB, moved to ISPPLIB/P2P11010
2025-04-15 23:01:23.006290 - Found P2P11020.txt (text/plain) in CSOFT.PDS2PDS.ISPPLIB, moved to ISPPLIB/P2P11020
2025-04-15 23:01:23.006593 - Found P2P12000.txt (text/plain) in CSOFT.PDS2PDS.ISPPLIB, moved to ISPPLIB/P2P12000
2025-04-15 23:01:23.006912 - Found P2P12010.txt (text/plain) in CSOFT.PDS2PDS.ISPPLIB, moved to ISPPLIB/P2P12010
2025-04-15 23:01:23.007206 - Found P2P12020.txt (text/plain) in CSOFT.PDS2PDS.ISPPLIB, moved to ISPPLIB/P2P12020
2025-04-15 23:01:23.007493 - Found P2P13000.txt (text/plain) in CSOFT.PDS2PDS.ISPPLIB, moved to ISPPLIB/P2P13000
2025-04-15 23:01:23.007797 - Found P2P13010.txt (text/plain) in CSOFT.PDS2PDS.ISPPLIB, moved to ISPPLIB/P2P13010
2025-04-15 23:01:23.008103 - Found P2P13020.txt (text/plain) in CSOFT.PDS2PDS.ISPPLIB, moved to ISPPLIB/P2P13020
2025-04-15 23:01:23.008396 - Found P2P13030.txt (text/plain) in CSOFT.PDS2PDS.ISPPLIB, moved to ISPPLIB/P2P13030
2025-04-15 23:01:23.008697 - Found P2P13040.txt (text/plain) in CSOFT.PDS2PDS.ISPPLIB, moved to ISPPLIB/P2P13040
2025-04-15 23:01:23.008987 - Found P2P13050.txt (text/plain) in CSOFT.PDS2PDS.ISPPLIB, moved to ISPPLIB/P2P13050
2025-04-15 23:01:23.009292 - Found P2P13060.txt (text/plain) in CSOFT.PDS2PDS.ISPPLIB, moved to ISPPLIB/P2P13060
2025-04-15 23:01:23.009597 - Found P2P13070.txt (text/plain) in CSOFT.PDS2PDS.ISPPLIB, moved to ISPPLIB/P2P13070
2025-04-15 23:01:23.009791 - Found P2P13080.txt (text/plain) in CSOFT.PDS2PDS.ISPPLIB, moved to ISPPLIB/P2P13080
2025-04-15 23:01:23.009975 - Found P2P20000.txt (text/plain) in CSOFT.PDS2PDS.ISPPLIB, moved to ISPPLIB/P2P20000
2025-04-15 23:01:23.010299 - Found P2P21000.txt (text/plain) in CSOFT.PDS2PDS.ISPPLIB, moved to ISPPLIB/P2P21000
2025-04-15 23:01:23.010632 - Found P2P21010.txt (text/plain) in CSOFT.PDS2PDS.ISPPLIB, moved to ISPPLIB/P2P21010
2025-04-15 23:01:23.010956 - Found P2P21020.txt (text/plain) in CSOFT.PDS2PDS.ISPPLIB, moved to ISPPLIB/P2P21020
2025-04-15 23:01:23.011276 - Found P2P21030.txt (text/plain) in CSOFT.PDS2PDS.ISPPLIB, moved to ISPPLIB/P2P21030
2025-04-15 23:01:23.011629 - Found P2P21040.txt (text/plain) in CSOFT.PDS2PDS.ISPPLIB, moved to ISPPLIB/P2P21040
2025-04-15 23:01:23.011976 - Found P2P21050.txt (text/plain) in CSOFT.PDS2PDS.ISPPLIB, moved to ISPPLIB/P2P21050
2025-04-15 23:01:23.012299 - Found P2P22000.txt (text/plain) in CSOFT.PDS2PDS.ISPPLIB, moved to ISPPLIB/P2P22000
2025-04-15 23:01:23.012640 - Found P2P23000.txt (text/plain) in CSOFT.PDS2PDS.ISPPLIB, moved to ISPPLIB/P2P23000
2025-04-15 23:01:23.012979 - Found P2P23010.txt (text/plain) in CSOFT.PDS2PDS.ISPPLIB, moved to ISPPLIB/P2P23010
2025-04-15 23:01:23.013310 - Found P2P23020.txt (text/plain) in CSOFT.PDS2PDS.ISPPLIB, moved to ISPPLIB/P2P23020
2025-04-15 23:01:23.013647 - Found P2P23030.txt (text/plain) in CSOFT.PDS2PDS.ISPPLIB, moved to ISPPLIB/P2P23030
2025-04-15 23:01:23.013984 - Found P2P23040.txt (text/plain) in CSOFT.PDS2PDS.ISPPLIB, moved to ISPPLIB/P2P23040
2025-04-15 23:01:23.014194 - Found P2P23050.txt (text/plain) in CSOFT.PDS2PDS.ISPPLIB, moved to ISPPLIB/P2P23050
2025-04-15 23:01:23.014486 - Found P2P23060.txt (text/plain) in CSOFT.PDS2PDS.ISPPLIB, moved to ISPPLIB/P2P23060
2025-04-15 23:01:23.014806 - Found P2P23070.txt (text/plain) in CSOFT.PDS2PDS.ISPPLIB, moved to ISPPLIB/P2P23070
2025-04-15 23:01:23.015126 - Found P2P23080.txt (text/plain) in CSOFT.PDS2PDS.ISPPLIB, moved to ISPPLIB/P2P23080
2025-04-15 23:01:23.015446 - Found P2P23090.txt (text/plain) in CSOFT.PDS2PDS.ISPPLIB, moved to ISPPLIB/P2P23090
2025-04-15 23:01:23.015753 - Found P2P23100.txt (text/plain) in CSOFT.PDS2PDS.ISPPLIB, moved to ISPPLIB/P2P23100
2025-04-15 23:01:23.016054 - Found P2P23110.txt (text/plain) in CSOFT.PDS2PDS.ISPPLIB, moved to ISPPLIB/P2P23110
2025-04-15 23:01:23.016367 - Found P2P23120.txt (text/plain) in CSOFT.PDS2PDS.ISPPLIB, moved to ISPPLIB/P2P23120
2025-04-15 23:01:23.016673 - Found P2P24000.txt (text/plain) in CSOFT.PDS2PDS.ISPPLIB, moved to ISPPLIB/P2P24000
2025-04-15 23:01:23.016973 - Found P2P24010.txt (text/plain) in CSOFT.PDS2PDS.ISPPLIB, moved to ISPPLIB/P2P24010
2025-04-15 23:01:23.017275 - Found P2P24020.txt (text/plain) in CSOFT.PDS2PDS.ISPPLIB, moved to ISPPLIB/P2P24020
2025-04-15 23:01:23.017466 - Found P2P24030.txt (text/plain) in CSOFT.PDS2PDS.ISPPLIB, moved to ISPPLIB/P2P24030
2025-04-15 23:01:23.017800 - Found P2P24040.txt (text/plain) in CSOFT.PDS2PDS.ISPPLIB, moved to ISPPLIB/P2P24040
2025-04-15 23:01:23.018132 - Found P2P24050.txt (text/plain) in CSOFT.PDS2PDS.ISPPLIB, moved to ISPPLIB/P2P24050
2025-04-15 23:01:23.018430 - Found P2P24060.txt (text/plain) in CSOFT.PDS2PDS.ISPPLIB, moved to ISPPLIB/P2P24060
2025-04-15 23:01:23.018745 - Found P2P24070.txt (text/plain) in CSOFT.PDS2PDS.ISPPLIB, moved to ISPPLIB/P2P24070
2025-04-15 23:01:23.019066 - Found P2P24080.txt (text/plain) in CSOFT.PDS2PDS.ISPPLIB, moved to ISPPLIB/P2P24080
2025-04-15 23:01:23.019385 - Found P2P24090.txt (text/plain) in CSOFT.PDS2PDS.ISPPLIB, moved to ISPPLIB/P2P24090
